<?xml version="1.0" encoding="UTF-8"?>
<testng-results skipped="0" failed="0" ignored="0" total="1" passed="1">
  <reporter-output>
  </reporter-output>
  <suite name="MySeleniumTestSuite" duration-ms="35879" started-at="2020-04-09T17:54:44Z" finished-at="2020-04-09T17:55:20Z">
    <groups>
    </groups>
    <test name="Simple example" duration-ms="35879" started-at="2020-04-09T17:54:44Z" finished-at="2020-04-09T17:55:20Z">
      <class name="seleniumtest.MavenTestWikipedia">
        <test-method status="PASS" signature="f()[pri:0, instance:seleniumtest.MavenTestWikipedia@21bcffb5]" name="f" duration-ms="33122" started-at="2020-04-09T13:54:44Z" finished-at="2020-04-09T13:55:17Z">
          <reporter-output>
          </reporter-output>
        </test-method> <!-- f -->
        <test-method status="PASS" signature="afterTest()[pri:0, instance:seleniumtest.MavenTestWikipedia@21bcffb5]" name="afterTest" is-config="true" duration-ms="2742" started-at="2020-04-09T13:55:17Z" finished-at="2020-04-09T13:55:20Z">
          <reporter-output>
          </reporter-output>
        </test-method> <!-- afterTest -->
      </class> <!-- seleniumtest.MavenTestWikipedia -->
    </test> <!-- Simple example -->
  </suite> <!-- MySeleniumTestSuite -->
</testng-results>
