<?xml version="1.0" encoding="UTF-8"?>
<testng-results ignored="0" total="1" passed="1" failed="0" skipped="0">
  <reporter-output>
  </reporter-output>
  <suite started-at="2020-08-05T20:31:01Z" name="Default suite" finished-at="2020-08-05T20:31:21Z" duration-ms="20037">
    <groups>
    </groups>
    <test started-at="2020-08-05T20:31:01Z" name="Default test" finished-at="2020-08-05T20:31:21Z" duration-ms="20037">
      <class name="seleniumtest.MavenTestWikipedia">
        <test-method signature="f()[pri:0, instance:seleniumtest.MavenTestWikipedia@24dd44f9]" started-at="2020-08-05T16:31:01Z" name="f" finished-at="2020-08-05T16:31:20Z" duration-ms="18922" status="PASS">
          <reporter-output>
          </reporter-output>
        </test-method> <!-- f -->
        <test-method is-config="true" signature="afterTest()[pri:0, instance:seleniumtest.MavenTestWikipedia@24dd44f9]" started-at="2020-08-05T16:31:20Z" name="afterTest" finished-at="2020-08-05T16:31:21Z" duration-ms="1038" status="PASS">
          <reporter-output>
          </reporter-output>
        </test-method> <!-- afterTest -->
      </class> <!-- seleniumtest.MavenTestWikipedia -->
    </test> <!-- Default test -->
  </suite> <!-- Default suite -->
</testng-results>
